#
# There is insufficient memory for the Java Runtime Environment to continue.
# Native memory allocation (mmap) failed to map 65536 bytes for Failed to commit metaspace.
# Possible reasons:
#   The system is out of physical RAM or swap space
#   The process is running with CompressedOops enabled, and the Java Heap may be blocking the growth of the native heap
# Possible solutions:
#   Reduce memory load on the system
#   Increase physical memory or swap space
#   Check if swap backing store is full
#   Decrease Java heap size (-Xmx/-Xms)
#   Decrease number of Java threads
#   Decrease Java thread stack sizes (-Xss)
#   Set larger code cache with -XX:ReservedCodeCacheSize=
#   JVM is running with Unscaled Compressed Oops mode in which the Java heap is
#     placed in the first 4GB address space. The Java Heap base address is the
#     maximum limit for the native heap growth. Please use -XX:HeapBaseMinAddress
#     to set the Java Heap base and to place the Java Heap above 4GB virtual address.
# This output file may be truncated or incomplete.
#
#  Out of Memory Error (virtualSpaceNode.cpp:110), pid=38800, tid=38856
#
# JRE version: OpenJDK Runtime Environment Temurin-17.0.6+10 (17.0.6+10) (build 17.0.6+10)
# Java VM: OpenJDK 64-Bit Server VM Temurin-17.0.6+10 (17.0.6+10, mixed mode, sharing, tiered, compressed oops, compressed class ptrs, g1 gc, windows-amd64)
# No core dump will be written. Minidumps are not enabled by default on client versions of Windows
#

---------------  S U M M A R Y ------------

Command Line: -Dfile.encoding=UTF-8 -Dstdout.encoding=UTF-8 -Dstderr.encoding=UTF-8 -XX:+ShowCodeDetailsInExceptionMessages myFirstSelenium.nySelenium

Host: Intel(R) Core(TM) i3-1005G1 CPU @ 1.20GHz, 4 cores, 7G,  Windows 11 , 64 bit Build 22621 (10.0.22621.2428)
Time: Tue Dec  5 12:35:35 2023  Windows 11 , 64 bit Build 22621 (10.0.22621.2428) elapsed time: 3.429914 seconds (0d 0h 0m 3s)

---------------  T H R E A D  ---------------

Current thread (0x00000136453edfd0):  JavaThread "main" [_thread_in_vm, id=38856, stack(0x0000002afdc00000,0x0000002afdd00000)]

Stack: [0x0000002afdc00000,0x0000002afdd00000]
Native frames: (J=compiled Java code, j=interpreted, Vv=VM code, C=native code)
V  [jvm.dll+0x67741a]
V  [jvm.dll+0x834434]
V  [jvm.dll+0x835bde]
V  [jvm.dll+0x836243]
V  [jvm.dll+0x2457b5]
V  [jvm.dll+0x8304cb]
V  [jvm.dll+0x61bca6]
V  [jvm.dll+0x1c05fe]
V  [jvm.dll+0x61e5f1]
V  [jvm.dll+0x61c646]
V  [jvm.dll+0x626487]
V  [jvm.dll+0x1ea42b]
V  [jvm.dll+0x1ea965]
V  [jvm.dll+0x1eb39f]
V  [jvm.dll+0x1e0841]
V  [jvm.dll+0x53c6d0]
V  [jvm.dll+0x7af5e8]
V  [jvm.dll+0x7af6d4]
V  [jvm.dll+0x40bc05]
V  [jvm.dll+0x411d58]
C  [java.dll+0x17ec]

Java frames: (J=compiled Java code, j=interpreted, Vv=VM code)
J 1298  java.lang.ClassLoader.defineClass1(Ljava/lang/ClassLoader;Ljava/lang/String;[BIILjava/security/ProtectionDomain;Ljava/lang/String;)Ljava/lang/Class; java.base@17.0.6 (0 bytes) @ 0x0000013656b830e3 [0x0000013656b83020+0x00000000000000c3]
J 1307 c1 java.lang.ClassLoader.defineClass(Ljava/lang/String;[BIILjava/security/ProtectionDomain;)Ljava/lang/Class; java.base@17.0.6 (43 bytes) @ 0x000001364f29b054 [0x000001364f29ad00+0x0000000000000354]
J 1306 c1 java.security.SecureClassLoader.defineClass(Ljava/lang/String;[BIILjava/security/CodeSource;)Ljava/lang/Class; java.base@17.0.6 (16 bytes) @ 0x000001364f29a98c [0x000001364f29a8c0+0x00000000000000cc]
j  jdk.internal.loader.BuiltinClassLoader.defineClass(Ljava/lang/String;Ljdk/internal/loader/Resource;)Ljava/lang/Class;+117 java.base@17.0.6
J 742 c1 jdk.internal.loader.BuiltinClassLoader.findClassOnClassPathOrNull(Ljava/lang/String;)Ljava/lang/Class; java.base@17.0.6 (64 bytes) @ 0x000001364f18e034 [0x000001364f18cf80+0x00000000000010b4]
J 453 c1 jdk.internal.loader.BuiltinClassLoader.loadClassOrNull(Ljava/lang/String;Z)Ljava/lang/Class; java.base@17.0.6 (143 bytes) @ 0x000001364f102e4c [0x000001364f101f40+0x0000000000000f0c]
J 601 c1 jdk.internal.loader.ClassLoaders$AppClassLoader.loadClass(Ljava/lang/String;Z)Ljava/lang/Class; java.base@17.0.6 (40 bytes) @ 0x000001364f152f04 [0x000001364f1528e0+0x0000000000000624]
J 587 c1 java.lang.ClassLoader.loadClass(Ljava/lang/String;)Ljava/lang/Class; java.base@17.0.6 (7 bytes) @ 0x000001364f14a54c [0x000001364f14a440+0x000000000000010c]
v  ~StubRoutines::call_stub
j  com.google.common.collect.ImmutableSet$Builder.add(Ljava/lang/Object;)Lcom/google/common/collect/ImmutableSet$Builder;+9
j  org.openqa.selenium.remote.ErrorCodes.<clinit>()V+32
v  ~StubRoutines::call_stub
j  org.openqa.selenium.remote.ErrorHandler.<init>(Z)V+10
j  org.openqa.selenium.remote.ErrorHandler.<init>()V+2
j  org.openqa.selenium.remote.RemoteWebDriver.<init>(Lorg/openqa/selenium/remote/CommandExecutor;Lorg/openqa/selenium/Capabilities;)V+27
j  org.openqa.selenium.chromium.ChromiumDriver.<init>(Lorg/openqa/selenium/remote/CommandExecutor;Lorg/openqa/selenium/Capabilities;Ljava/lang/String;)V+3
j  org.openqa.selenium.chrome.ChromeDriver.<init>(Lorg/openqa/selenium/chrome/ChromeDriverService;Lorg/openqa/selenium/chrome/ChromeOptions;Lorg/openqa/selenium/remote/http/ClientConfig;)V+10
j  org.openqa.selenium.chrome.ChromeDriver.<init>(Lorg/openqa/selenium/chrome/ChromeDriverService;Lorg/openqa/selenium/chrome/ChromeOptions;)V+6
j  org.openqa.selenium.chrome.ChromeDriver.<init>()V+11
j  myFirstSelenium.nySelenium.main([Ljava/lang/String;)V+12
v  ~StubRoutines::call_stub

---------------  P R O C E S S  ---------------

Threads class SMR info:
_java_thread_list=0x0000013666526490, length=14, elements={
0x00000136453edfd0, 0x0000013664f41f80, 0x0000013664f432d0, 0x0000013664f5a520,
0x0000013664f5b0d0, 0x0000013664f5faa0, 0x0000013664f60450, 0x0000013664f611e0,
0x0000013664fce2e0, 0x0000013665902830, 0x00000136659c5570, 0x00000136659ca500,
0x00000136661f6920, 0x00000136665b15d0
}

Java Threads: ( => current thread )
=>0x00000136453edfd0 JavaThread "main" [_thread_in_vm, id=38856, stack(0x0000002afdc00000,0x0000002afdd00000)]
  0x0000013664f41f80 JavaThread "Reference Handler" daemon [_thread_blocked, id=39188, stack(0x0000002afe300000,0x0000002afe400000)]
  0x0000013664f432d0 JavaThread "Finalizer" daemon [_thread_blocked, id=39832, stack(0x0000002afe400000,0x0000002afe500000)]
  0x0000013664f5a520 JavaThread "Signal Dispatcher" daemon [_thread_blocked, id=39204, stack(0x0000002afe500000,0x0000002afe600000)]
  0x0000013664f5b0d0 JavaThread "Attach Listener" daemon [_thread_blocked, id=19472, stack(0x0000002afe600000,0x0000002afe700000)]
  0x0000013664f5faa0 JavaThread "Service Thread" daemon [_thread_blocked, id=39248, stack(0x0000002afe700000,0x0000002afe800000)]
  0x0000013664f60450 JavaThread "Monitor Deflation Thread" daemon [_thread_blocked, id=37556, stack(0x0000002afe800000,0x0000002afe900000)]
  0x0000013664f611e0 JavaThread "C2 CompilerThread0" daemon [_thread_blocked, id=35332, stack(0x0000002afe900000,0x0000002afea00000)]
  0x0000013664fce2e0 JavaThread "C1 CompilerThread0" daemon [_thread_blocked, id=17684, stack(0x0000002afea00000,0x0000002afeb00000)]
  0x0000013665902830 JavaThread "Sweeper thread" daemon [_thread_blocked, id=39596, stack(0x0000002afeb00000,0x0000002afec00000)]
  0x00000136659c5570 JavaThread "Notification Thread" daemon [_thread_blocked, id=38860, stack(0x0000002afec00000,0x0000002afed00000)]
  0x00000136659ca500 JavaThread "Common-Cleaner" daemon [_thread_blocked, id=39516, stack(0x0000002afee00000,0x0000002afef00000)]
  0x00000136661f6920 JavaThread "ForkJoinPool.commonPool-worker-1" daemon [_thread_blocked, id=34296, stack(0x0000002afef00000,0x0000002aff000000)]
  0x00000136665b15d0 JavaThread "HttpClient-1-SelectorManager" daemon [_thread_in_native, id=39232, stack(0x0000002aff400000,0x0000002aff500000)]

Other Threads:
  0x0000013664f38bd0 VMThread "VM Thread" [stack: 0x0000002afe200000,0x0000002afe300000] [id=3960]
  0x00000136659c5a40 WatcherThread [stack: 0x0000002afed00000,0x0000002afee00000] [id=38180]
  0x00000136475ccce0 GCTaskThread "GC Thread#0" [stack: 0x0000002afdd00000,0x0000002afde00000] [id=23184]
  0x00000136664ff820 GCTaskThread "GC Thread#1" [stack: 0x0000002aff000000,0x0000002aff100000] [id=29764]
  0x0000013666503ae0 GCTaskThread "GC Thread#2" [stack: 0x0000002aff100000,0x0000002aff200000] [id=20316]
  0x00000136664f81c0 GCTaskThread "GC Thread#3" [stack: 0x0000002aff200000,0x0000002aff300000] [id=16284]
  0x00000136475dd620 ConcurrentGCThread "G1 Main Marker" [stack: 0x0000002afde00000,0x0000002afdf00000] [id=37560]
  0x00000136475de7d0 ConcurrentGCThread "G1 Conc#0" [stack: 0x0000002afdf00000,0x0000002afe000000] [id=23560]
  0x000001364762e820 ConcurrentGCThread "G1 Refine#0" [stack: 0x0000002afe000000,0x0000002afe100000] [id=10596]
  0x0000013665a8f0b0 ConcurrentGCThread "G1 Refine#1" [stack: 0x0000002aff300000,0x0000002aff400000] [id=28928]
  0x0000013664df6bc0 ConcurrentGCThread "G1 Service" [stack: 0x0000002afe100000,0x0000002afe200000] [id=7232]

Threads with active compile tasks:

VM state: not at safepoint (normal execution)

VM Mutex/Monitor currently owned by a thread:  ([mutex/lock_event])
[0x0000013647570e40] Metaspace_lock - owner thread: 0x00000136453edfd0

Heap address: 0x0000000083000000, size: 2000 MB, Compressed Oops mode: 32-bit

CDS archive(s) mapped at: [0x0000000800000000-0x0000000800bc0000-0x0000000800bc0000), size 12320768, SharedBaseAddress: 0x0000000800000000, ArchiveRelocationMode: 0.
Compressed class space mapped at: 0x0000000800c00000-0x0000000840c00000, reserved size: 1073741824
Narrow klass base: 0x0000000800000000, Narrow klass shift: 0, Narrow klass range: 0x100000000

GC Precious Log:
 CPUs: 4 total, 4 available
 Memory: 7998M
 Large Page Support: Disabled
 NUMA Support: Disabled
 Compressed Oops: Enabled (32-bit)
 Heap Region Size: 1M
 Heap Min Capacity: 8M
 Heap Initial Capacity: 126M
 Heap Max Capacity: 2000M
 Pre-touch: Disabled
 Parallel Workers: 4
 Concurrent Workers: 1
 Concurrent Refinement Workers: 4
 Periodic GC: Disabled

Heap:
 garbage-first heap   total 129024K, used 11517K [0x0000000083000000, 0x0000000100000000)
  region size 1024K, 10 young (10240K), 2 survivors (2048K)
 Metaspace       used 8186K, committed 8320K, reserved 1056768K
  class space    used 943K, committed 1024K, reserved 1048576K

Heap Regions: E=young(eden), S=young(survivor), O=old, HS=humongous(starts), HC=humongous(continues), CS=collection set, F=free, OA=open archive, CA=closed archive, TAMS=top-at-mark-start (previous, next)
|   0|0x0000000083000000, 0x0000000083100000, 0x0000000083100000|100%| O|  |TAMS 0x0000000083000000, 0x0000000083000000| Untracked 
|   1|0x0000000083100000, 0x0000000083200000, 0x0000000083200000|100%| O|  |TAMS 0x0000000083100000, 0x0000000083100000| Untracked 
|   2|0x0000000083200000, 0x000000008323f400, 0x0000000083300000| 24%| O|  |TAMS 0x0000000083200000, 0x0000000083200000| Untracked 
|   3|0x0000000083300000, 0x0000000083300000, 0x0000000083400000|  0%| F|  |TAMS 0x0000000083300000, 0x0000000083300000| Untracked 
|   4|0x0000000083400000, 0x0000000083400000, 0x0000000083500000|  0%| F|  |TAMS 0x0000000083400000, 0x0000000083400000| Untracked 
|   5|0x0000000083500000, 0x0000000083500000, 0x0000000083600000|  0%| F|  |TAMS 0x0000000083500000, 0x0000000083500000| Untracked 
|   6|0x0000000083600000, 0x0000000083600000, 0x0000000083700000|  0%| F|  |TAMS 0x0000000083600000, 0x0000000083600000| Untracked 
|   7|0x0000000083700000, 0x0000000083700000, 0x0000000083800000|  0%| F|  |TAMS 0x0000000083700000, 0x0000000083700000| Untracked 
|   8|0x0000000083800000, 0x0000000083800000, 0x0000000083900000|  0%| F|  |TAMS 0x0000000083800000, 0x0000000083800000| Untracked 
|   9|0x0000000083900000, 0x0000000083900000, 0x0000000083a00000|  0%| F|  |TAMS 0x0000000083900000, 0x0000000083900000| Untracked 
|  10|0x0000000083a00000, 0x0000000083a00000, 0x0000000083b00000|  0%| F|  |TAMS 0x0000000083a00000, 0x0000000083a00000| Untracked 
|  11|0x0000000083b00000, 0x0000000083b00000, 0x0000000083c00000|  0%| F|  |TAMS 0x0000000083b00000, 0x0000000083b00000| Untracked 
|  12|0x0000000083c00000, 0x0000000083c00000, 0x0000000083d00000|  0%| F|  |TAMS 0x0000000083c00000, 0x0000000083c00000| Untracked 
|  13|0x0000000083d00000, 0x0000000083d00000, 0x0000000083e00000|  0%| F|  |TAMS 0x0000000083d00000, 0x0000000083d00000| Untracked 
|  14|0x0000000083e00000, 0x0000000083e00000, 0x0000000083f00000|  0%| F|  |TAMS 0x0000000083e00000, 0x0000000083e00000| Untracked 
|  15|0x0000000083f00000, 0x0000000083f00000, 0x0000000084000000|  0%| F|  |TAMS 0x0000000083f00000, 0x0000000083f00000| Untracked 
|  16|0x0000000084000000, 0x0000000084000000, 0x0000000084100000|  0%| F|  |TAMS 0x0000000084000000, 0x0000000084000000| Untracked 
|  17|0x0000000084100000, 0x0000000084100000, 0x0000000084200000|  0%| F|  |TAMS 0x0000000084100000, 0x0000000084100000| Untracked 
|  18|0x0000000084200000, 0x0000000084200000, 0x0000000084300000|  0%| F|  |TAMS 0x0000000084200000, 0x0000000084200000| Untracked 
|  19|0x0000000084300000, 0x0000000084300000, 0x0000000084400000|  0%| F|  |TAMS 0x0000000084300000, 0x0000000084300000| Untracked 
|  20|0x0000000084400000, 0x0000000084400000, 0x0000000084500000|  0%| F|  |TAMS 0x0000000084400000, 0x0000000084400000| Untracked 
|  21|0x0000000084500000, 0x0000000084500000, 0x0000000084600000|  0%| F|  |TAMS 0x0000000084500000, 0x0000000084500000| Untracked 
|  22|0x0000000084600000, 0x0000000084600000, 0x0000000084700000|  0%| F|  |TAMS 0x0000000084600000, 0x0000000084600000| Untracked 
|  23|0x0000000084700000, 0x0000000084700000, 0x0000000084800000|  0%| F|  |TAMS 0x0000000084700000, 0x0000000084700000| Untracked 
|  24|0x0000000084800000, 0x0000000084800000, 0x0000000084900000|  0%| F|  |TAMS 0x0000000084800000, 0x0000000084800000| Untracked 
|  25|0x0000000084900000, 0x0000000084900000, 0x0000000084a00000|  0%| F|  |TAMS 0x0000000084900000, 0x0000000084900000| Untracked 
|  26|0x0000000084a00000, 0x0000000084a00000, 0x0000000084b00000|  0%| F|  |TAMS 0x0000000084a00000, 0x0000000084a00000| Untracked 
|  27|0x0000000084b00000, 0x0000000084b00000, 0x0000000084c00000|  0%| F|  |TAMS 0x0000000084b00000, 0x0000000084b00000| Untracked 
|  28|0x0000000084c00000, 0x0000000084c00000, 0x0000000084d00000|  0%| F|  |TAMS 0x0000000084c00000, 0x0000000084c00000| Untracked 
|  29|0x0000000084d00000, 0x0000000084d00000, 0x0000000084e00000|  0%| F|  |TAMS 0x0000000084d00000, 0x0000000084d00000| Untracked 
|  30|0x0000000084e00000, 0x0000000084e00000, 0x0000000084f00000|  0%| F|  |TAMS 0x0000000084e00000, 0x0000000084e00000| Untracked 
|  31|0x0000000084f00000, 0x0000000084f00000, 0x0000000085000000|  0%| F|  |TAMS 0x0000000084f00000, 0x0000000084f00000| Untracked 
|  32|0x0000000085000000, 0x0000000085000000, 0x0000000085100000|  0%| F|  |TAMS 0x0000000085000000, 0x0000000085000000| Untracked 
|  33|0x0000000085100000, 0x0000000085100000, 0x0000000085200000|  0%| F|  |TAMS 0x0000000085100000, 0x0000000085100000| Untracked 
|  34|0x0000000085200000, 0x0000000085200000, 0x0000000085300000|  0%| F|  |TAMS 0x0000000085200000, 0x0000000085200000| Untracked 
|  35|0x0000000085300000, 0x0000000085300000, 0x0000000085400000|  0%| F|  |TAMS 0x0000000085300000, 0x0000000085300000| Untracked 
|  36|0x0000000085400000, 0x0000000085400000, 0x0000000085500000|  0%| F|  |TAMS 0x0000000085400000, 0x0000000085400000| Untracked 
|  37|0x0000000085500000, 0x0000000085500000, 0x0000000085600000|  0%| F|  |TAMS 0x0000000085500000, 0x0000000085500000| Untracked 
|  38|0x0000000085600000, 0x0000000085600000, 0x0000000085700000|  0%| F|  |TAMS 0x0000000085600000, 0x0000000085600000| Untracked 
|  39|0x0000000085700000, 0x0000000085700000, 0x0000000085800000|  0%| F|  |TAMS 0x0000000085700000, 0x0000000085700000| Untracked 
|  40|0x0000000085800000, 0x0000000085800000, 0x0000000085900000|  0%| F|  |TAMS 0x0000000085800000, 0x0000000085800000| Untracked 
|  41|0x0000000085900000, 0x0000000085900000, 0x0000000085a00000|  0%| F|  |TAMS 0x0000000085900000, 0x0000000085900000| Untracked 
|  42|0x0000000085a00000, 0x0000000085a00000, 0x0000000085b00000|  0%| F|  |TAMS 0x0000000085a00000, 0x0000000085a00000| Untracked 
|  43|0x0000000085b00000, 0x0000000085b00000, 0x0000000085c00000|  0%| F|  |TAMS 0x0000000085b00000, 0x0000000085b00000| Untracked 
|  44|0x0000000085c00000, 0x0000000085c00000, 0x0000000085d00000|  0%| F|  |TAMS 0x0000000085c00000, 0x0000000085c00000| Untracked 
|  45|0x0000000085d00000, 0x0000000085d00000, 0x0000000085e00000|  0%| F|  |TAMS 0x0000000085d00000, 0x0000000085d00000| Untracked 
|  46|0x0000000085e00000, 0x0000000085e00000, 0x0000000085f00000|  0%| F|  |TAMS 0x0000000085e00000, 0x0000000085e00000| Untracked 
|  47|0x0000000085f00000, 0x0000000085f00000, 0x0000000086000000|  0%| F|  |TAMS 0x0000000085f00000, 0x0000000085f00000| Untracked 
|  48|0x0000000086000000, 0x0000000086000000, 0x0000000086100000|  0%| F|  |TAMS 0x0000000086000000, 0x0000000086000000| Untracked 
|  49|0x0000000086100000, 0x0000000086100000, 0x0000000086200000|  0%| F|  |TAMS 0x0000000086100000, 0x0000000086100000| Untracked 
|  50|0x0000000086200000, 0x0000000086200000, 0x0000000086300000|  0%| F|  |TAMS 0x0000000086200000, 0x0000000086200000| Untracked 
|  51|0x0000000086300000, 0x0000000086300000, 0x0000000086400000|  0%| F|  |TAMS 0x0000000086300000, 0x0000000086300000| Untracked 
|  52|0x0000000086400000, 0x0000000086400000, 0x0000000086500000|  0%| F|  |TAMS 0x0000000086400000, 0x0000000086400000| Untracked 
|  53|0x0000000086500000, 0x0000000086500000, 0x0000000086600000|  0%| F|  |TAMS 0x0000000086500000, 0x0000000086500000| Untracked 
|  54|0x0000000086600000, 0x0000000086600000, 0x0000000086700000|  0%| F|  |TAMS 0x0000000086600000, 0x0000000086600000| Untracked 
|  55|0x0000000086700000, 0x0000000086700000, 0x0000000086800000|  0%| F|  |TAMS 0x0000000086700000, 0x0000000086700000| Untracked 
|  56|0x0000000086800000, 0x0000000086800000, 0x0000000086900000|  0%| F|  |TAMS 0x0000000086800000, 0x0000000086800000| Untracked 
|  57|0x0000000086900000, 0x0000000086900000, 0x0000000086a00000|  0%| F|  |TAMS 0x0000000086900000, 0x0000000086900000| Untracked 
|  58|0x0000000086a00000, 0x0000000086a00000, 0x0000000086b00000|  0%| F|  |TAMS 0x0000000086a00000, 0x0000000086a00000| Untracked 
|  59|0x0000000086b00000, 0x0000000086b00000, 0x0000000086c00000|  0%| F|  |TAMS 0x0000000086b00000, 0x0000000086b00000| Untracked 
|  60|0x0000000086c00000, 0x0000000086c00000, 0x0000000086d00000|  0%| F|  |TAMS 0x0000000086c00000, 0x0000000086c00000| Untracked 
|  61|0x0000000086d00000, 0x0000000086d00000, 0x0000000086e00000|  0%| F|  |TAMS 0x0000000086d00000, 0x0000000086d00000| Untracked 
|  62|0x0000000086e00000, 0x0000000086e00000, 0x0000000086f00000|  0%| F|  |TAMS 0x0000000086e00000, 0x0000000086e00000| Untracked 
|  63|0x0000000086f00000, 0x0000000086f00000, 0x0000000087000000|  0%| F|  |TAMS 0x0000000086f00000, 0x0000000086f00000| Untracked 
|  64|0x0000000087000000, 0x0000000087000000, 0x0000000087100000|  0%| F|  |TAMS 0x0000000087000000, 0x0000000087000000| Untracked 
|  65|0x0000000087100000, 0x0000000087100000, 0x0000000087200000|  0%| F|  |TAMS 0x0000000087100000, 0x0000000087100000| Untracked 
|  66|0x0000000087200000, 0x0000000087200000, 0x0000000087300000|  0%| F|  |TAMS 0x0000000087200000, 0x0000000087200000| Untracked 
|  67|0x0000000087300000, 0x0000000087300000, 0x0000000087400000|  0%| F|  |TAMS 0x0000000087300000, 0x0000000087300000| Untracked 
|  68|0x0000000087400000, 0x0000000087400000, 0x0000000087500000|  0%| F|  |TAMS 0x0000000087400000, 0x0000000087400000| Untracked 
|  69|0x0000000087500000, 0x0000000087500000, 0x0000000087600000|  0%| F|  |TAMS 0x0000000087500000, 0x0000000087500000| Untracked 
|  70|0x0000000087600000, 0x0000000087600000, 0x0000000087700000|  0%| F|  |TAMS 0x0000000087600000, 0x0000000087600000| Untracked 
|  71|0x0000000087700000, 0x0000000087700000, 0x0000000087800000|  0%| F|  |TAMS 0x0000000087700000, 0x0000000087700000| Untracked 
|  72|0x0000000087800000, 0x0000000087800000, 0x0000000087900000|  0%| F|  |TAMS 0x0000000087800000, 0x0000000087800000| Untracked 
|  73|0x0000000087900000, 0x0000000087900000, 0x0000000087a00000|  0%| F|  |TAMS 0x0000000087900000, 0x0000000087900000| Untracked 
|  74|0x0000000087a00000, 0x0000000087a00000, 0x0000000087b00000|  0%| F|  |TAMS 0x0000000087a00000, 0x0000000087a00000| Untracked 
|  75|0x0000000087b00000, 0x0000000087b00000, 0x0000000087c00000|  0%| F|  |TAMS 0x0000000087b00000, 0x0000000087b00000| Untracked 
|  76|0x0000000087c00000, 0x0000000087c00000, 0x0000000087d00000|  0%| F|  |TAMS 0x0000000087c00000, 0x0000000087c00000| Untracked 
|  77|0x0000000087d00000, 0x0000000087d00000, 0x0000000087e00000|  0%| F|  |TAMS 0x0000000087d00000, 0x0000000087d00000| Untracked 
|  78|0x0000000087e00000, 0x0000000087e00000, 0x0000000087f00000|  0%| F|  |TAMS 0x0000000087e00000, 0x0000000087e00000| Untracked 
|  79|0x0000000087f00000, 0x0000000087f00000, 0x0000000088000000|  0%| F|  |TAMS 0x0000000087f00000, 0x0000000087f00000| Untracked 
|  80|0x0000000088000000, 0x0000000088000000, 0x0000000088100000|  0%| F|  |TAMS 0x0000000088000000, 0x0000000088000000| Untracked 
|  81|0x0000000088100000, 0x0000000088100000, 0x0000000088200000|  0%| F|  |TAMS 0x0000000088100000, 0x0000000088100000| Untracked 
|  82|0x0000000088200000, 0x0000000088200000, 0x0000000088300000|  0%| F|  |TAMS 0x0000000088200000, 0x0000000088200000| Untracked 
|  83|0x0000000088300000, 0x0000000088300000, 0x0000000088400000|  0%| F|  |TAMS 0x0000000088300000, 0x0000000088300000| Untracked 
|  84|0x0000000088400000, 0x0000000088400000, 0x0000000088500000|  0%| F|  |TAMS 0x0000000088400000, 0x0000000088400000| Untracked 
|  85|0x0000000088500000, 0x0000000088500000, 0x0000000088600000|  0%| F|  |TAMS 0x0000000088500000, 0x0000000088500000| Untracked 
|  86|0x0000000088600000, 0x0000000088600000, 0x0000000088700000|  0%| F|  |TAMS 0x0000000088600000, 0x0000000088600000| Untracked 
|  87|0x0000000088700000, 0x0000000088700000, 0x0000000088800000|  0%| F|  |TAMS 0x0000000088700000, 0x0000000088700000| Untracked 
|  88|0x0000000088800000, 0x0000000088800000, 0x0000000088900000|  0%| F|  |TAMS 0x0000000088800000, 0x0000000088800000| Untracked 
|  89|0x0000000088900000, 0x0000000088900000, 0x0000000088a00000|  0%| F|  |TAMS 0x0000000088900000, 0x0000000088900000| Untracked 
|  90|0x0000000088a00000, 0x0000000088a00000, 0x0000000088b00000|  0%| F|  |TAMS 0x0000000088a00000, 0x0000000088a00000| Untracked 
|  91|0x0000000088b00000, 0x0000000088b00000, 0x0000000088c00000|  0%| F|  |TAMS 0x0000000088b00000, 0x0000000088b00000| Untracked 
|  92|0x0000000088c00000, 0x0000000088c00000, 0x0000000088d00000|  0%| F|  |TAMS 0x0000000088c00000, 0x0000000088c00000| Untracked 
|  93|0x0000000088d00000, 0x0000000088d00000, 0x0000000088e00000|  0%| F|  |TAMS 0x0000000088d00000, 0x0000000088d00000| Untracked 
|  94|0x0000000088e00000, 0x0000000088e00000, 0x0000000088f00000|  0%| F|  |TAMS 0x0000000088e00000, 0x0000000088e00000| Untracked 
|  95|0x0000000088f00000, 0x0000000088f00000, 0x0000000089000000|  0%| F|  |TAMS 0x0000000088f00000, 0x0000000088f00000| Untracked 
|  96|0x0000000089000000, 0x0000000089000000, 0x0000000089100000|  0%| F|  |TAMS 0x0000000089000000, 0x0000000089000000| Untracked 
|  97|0x0000000089100000, 0x0000000089100000, 0x0000000089200000|  0%| F|  |TAMS 0x0000000089100000, 0x0000000089100000| Untracked 
|  98|0x0000000089200000, 0x0000000089200000, 0x0000000089300000|  0%| F|  |TAMS 0x0000000089200000, 0x0000000089200000| Untracked 
|  99|0x0000000089300000, 0x0000000089300000, 0x0000000089400000|  0%| F|  |TAMS 0x0000000089300000, 0x0000000089300000| Untracked 
| 100|0x0000000089400000, 0x0000000089400000, 0x0000000089500000|  0%| F|  |TAMS 0x0000000089400000, 0x0000000089400000| Untracked 
| 101|0x0000000089500000, 0x0000000089500000, 0x0000000089600000|  0%| F|  |TAMS 0x0000000089500000, 0x0000000089500000| Untracked 
| 102|0x0000000089600000, 0x0000000089600000, 0x0000000089700000|  0%| F|  |TAMS 0x0000000089600000, 0x0000000089600000| Untracked 
| 103|0x0000000089700000, 0x0000000089700000, 0x0000000089800000|  0%| F|  |TAMS 0x0000000089700000, 0x0000000089700000| Untracked 
| 104|0x0000000089800000, 0x0000000089800000, 0x0000000089900000|  0%| F|  |TAMS 0x0000000089800000, 0x0000000089800000| Untracked 
| 105|0x0000000089900000, 0x0000000089900000, 0x0000000089a00000|  0%| F|  |TAMS 0x0000000089900000, 0x0000000089900000| Untracked 
| 106|0x0000000089a00000, 0x0000000089a00000, 0x0000000089b00000|  0%| F|  |TAMS 0x0000000089a00000, 0x0000000089a00000| Untracked 
| 107|0x0000000089b00000, 0x0000000089b00000, 0x0000000089c00000|  0%| F|  |TAMS 0x0000000089b00000, 0x0000000089b00000| Untracked 
| 108|0x0000000089c00000, 0x0000000089c00000, 0x0000000089d00000|  0%| F|  |TAMS 0x0000000089c00000, 0x0000000089c00000| Untracked 
| 109|0x0000000089d00000, 0x0000000089d00000, 0x0000000089e00000|  0%| F|  |TAMS 0x0000000089d00000, 0x0000000089d00000| Untracked 
| 110|0x0000000089e00000, 0x0000000089e00000, 0x0000000089f00000|  0%| F|  |TAMS 0x0000000089e00000, 0x0000000089e00000| Untracked 
| 111|0x0000000089f00000, 0x000000008a000000, 0x000000008a000000|100%| S|CS|TAMS 0x0000000089f00000, 0x0000000089f00000| Complete 
| 112|0x000000008a000000, 0x000000008a100000, 0x000000008a100000|100%| S|CS|TAMS 0x000000008a000000, 0x000000008a000000| Complete 
| 113|0x000000008a100000, 0x000000008a100000, 0x000000008a200000|  0%| F|  |TAMS 0x000000008a100000, 0x000000008a100000| Untracked 
| 114|0x000000008a200000, 0x000000008a200000, 0x000000008a300000|  0%| F|  |TAMS 0x000000008a200000, 0x000000008a200000| Untracked 
| 115|0x000000008a300000, 0x000000008a300000, 0x000000008a400000|  0%| F|  |TAMS 0x000000008a300000, 0x000000008a300000| Untracked 
| 116|0x000000008a400000, 0x000000008a400000, 0x000000008a500000|  0%| F|  |TAMS 0x000000008a400000, 0x000000008a400000| Untracked 
| 117|0x000000008a500000, 0x000000008a500000, 0x000000008a600000|  0%| F|  |TAMS 0x000000008a500000, 0x000000008a500000| Untracked 
| 118|0x000000008a600000, 0x000000008a640740, 0x000000008a700000| 25%| E|  |TAMS 0x000000008a600000, 0x000000008a600000| Complete 
| 119|0x000000008a700000, 0x000000008a800000, 0x000000008a800000|100%| E|CS|TAMS 0x000000008a700000, 0x000000008a700000| Complete 
| 120|0x000000008a800000, 0x000000008a900000, 0x000000008a900000|100%| E|CS|TAMS 0x000000008a800000, 0x000000008a800000| Complete 
| 121|0x000000008a900000, 0x000000008aa00000, 0x000000008aa00000|100%| E|CS|TAMS 0x000000008a900000, 0x000000008a900000| Complete 
| 122|0x000000008aa00000, 0x000000008ab00000, 0x000000008ab00000|100%| E|CS|TAMS 0x000000008aa00000, 0x000000008aa00000| Complete 
| 123|0x000000008ab00000, 0x000000008ac00000, 0x000000008ac00000|100%| E|CS|TAMS 0x000000008ab00000, 0x000000008ab00000| Complete 
| 124|0x000000008ac00000, 0x000000008ad00000, 0x000000008ad00000|100%| E|CS|TAMS 0x000000008ac00000, 0x000000008ac00000| Complete 
| 125|0x000000008ad00000, 0x000000008ae00000, 0x000000008ae00000|100%| E|CS|TAMS 0x000000008ad00000, 0x000000008ad00000| Complete 

Card table byte_map: [0x000001365e440000,0x000001365e830000] _byte_map_base: 0x000001365e028000

Marking Bits (Prev, Next): (CMBitMap*) 0x00000136475cd2f0, (CMBitMap*) 0x00000136475cd330
 Prev Bits: [0x000001365ec20000, 0x0000013660b60000)
 Next Bits: [0x0000013660b60000, 0x0000013662aa0000)

Polling page: 0x0000013646d30000

Metaspace:

Usage:
  Non-class:      7.07 MB used.
      Class:    943.65 KB used.
       Both:      7.99 MB used.

Virtual space:
  Non-class space:        8.00 MB reserved,       7.12 MB ( 89%) committed,  1 nodes.
      Class space:        1.00 GB reserved,       1.00 MB ( <1%) committed,  1 nodes.
             Both:        1.01 GB reserved,       8.12 MB ( <1%) committed. 

Chunk freelists:
   Non-Class:  624.00 KB
       Class:  3.03 MB
        Both:  3.64 MB

MaxMetaspaceSize: unlimited
CompressedClassSpaceSize: 1.00 GB
Initial GC threshold: 21.00 MB
Current GC threshold: 21.00 MB
CDS: on
MetaspaceReclaimPolicy: balanced
 - commit_granule_bytes: 65536.
 - commit_granule_words: 8192.
 - virtual_space_node_default_size: 1048576.
 - enlarge_chunks_in_place: 1.
 - new_chunks_are_fully_committed: 0.
 - uncommit_free_chunks: 1.
 - use_allocation_guard: 0.
 - handle_deallocations: 1.


Internal statistics:

num_allocs_failed_limit: 0.
num_arena_births: 104.
num_arena_deaths: 0.
num_vsnodes_births: 2.
num_vsnodes_deaths: 0.
num_space_committed: 130.
num_space_uncommitted: 0.
num_chunks_returned_to_freelist: 0.
num_chunks_taken_from_freelist: 221.
num_chunk_merges: 0.
num_chunk_splits: 133.
num_chunks_enlarged: 84.
num_purges: 0.
num_inconsistent_stats: 0.

CodeHeap 'non-profiled nmethods': size=120000Kb used=402Kb max_used=402Kb free=119597Kb
 bounds [0x0000013656b20000, 0x0000013656d90000, 0x000001365e050000]
CodeHeap 'profiled nmethods': size=120000Kb used=2355Kb max_used=2355Kb free=117645Kb
 bounds [0x000001364f050000, 0x000001364f2c0000, 0x0000013656580000]
CodeHeap 'non-nmethods': size=5760Kb used=1200Kb max_used=1217Kb free=4560Kb
 bounds [0x0000013656580000, 0x00000136567f0000, 0x0000013656b20000]
 total_blobs=1799 nmethods=1312 adapters=400
 compilation: enabled
              stopped_count=0, restarted_count=0
 full_count=0

Compilation events (20 events):
Event: 3.409 Thread 0x0000013664fce2e0 nmethod 1301 0x000001364f295310 code [0x000001364f2954c0, 0x000001364f295648]
Event: 3.409 Thread 0x0000013664fce2e0 1302       3       sun.net.www.protocol.jar.Handler::parseURL (173 bytes)
Event: 3.410 Thread 0x0000013664f611e0 1305       4       java.lang.AbstractStringBuilder::append (55 bytes)
Event: 3.410 Thread 0x0000013664fce2e0 nmethod 1302 0x000001364f295710 code [0x000001364f2959c0, 0x000001364f296578]
Event: 3.410 Thread 0x0000013664fce2e0 1303       3       sun.net.www.protocol.jar.Handler::parseContextSpec (150 bytes)
Event: 3.413 Thread 0x0000013664fce2e0 nmethod 1303 0x000001364f296a90 code [0x000001364f296f20, 0x000001364f298bf8]
Event: 3.413 Thread 0x0000013664fce2e0 1304       3       sun.net.www.protocol.jar.Handler::indexOfBangSlash (52 bytes)
Event: 3.414 Thread 0x0000013664fce2e0 nmethod 1304 0x000001364f299610 code [0x000001364f299880, 0x000001364f29a378]
Event: 3.414 Thread 0x0000013664fce2e0 1306       3       java.security.SecureClassLoader::defineClass (16 bytes)
Event: 3.414 Thread 0x0000013664fce2e0 nmethod 1306 0x000001364f29a710 code [0x000001364f29a8c0, 0x000001364f29aa58]
Event: 3.414 Thread 0x0000013664fce2e0 1307       3       java.lang.ClassLoader::defineClass (43 bytes)
Event: 3.414 Thread 0x0000013664fce2e0 nmethod 1307 0x000001364f29ab10 code [0x000001364f29ad00, 0x000001364f29b218]
Event: 3.414 Thread 0x0000013664fce2e0 1308       3       jdk.internal.loader.URLClassPath$JarLoader$2::getCodeSourceURL (8 bytes)
Event: 3.414 Thread 0x0000013664fce2e0 nmethod 1308 0x000001364f29b490 code [0x000001364f29b620, 0x000001364f29b738]
Event: 3.414 Thread 0x0000013664fce2e0 1309       3       jdk.internal.loader.URLClassPath$JarLoader$2::getManifest (26 bytes)
Event: 3.415 Thread 0x0000013664fce2e0 nmethod 1309 0x000001364f29b810 code [0x000001364f29ba40, 0x000001364f29c0e8]
Event: 3.415 Thread 0x0000013664fce2e0 1310       3       java.util.jar.JavaUtilJarAccessImpl::ensureInitialization (5 bytes)
Event: 3.416 Thread 0x0000013664fce2e0 nmethod 1310 0x000001364f29c410 code [0x000001364f29c5c0, 0x000001364f29c788]
Event: 3.416 Thread 0x0000013664fce2e0 1311       3       java.util.zip.CRC32::<init> (5 bytes)
Event: 3.416 Thread 0x0000013664fce2e0 nmethod 1311 0x000001364f29c890 code [0x000001364f29ca20, 0x000001364f29cb78]

GC Heap History (2 events):
Event: 2.917 GC heap before
{Heap before GC invocations=0 (full 0):
 garbage-first heap   total 129024K, used 12288K [0x0000000083000000, 0x0000000100000000)
  region size 1024K, 13 young (13312K), 0 survivors (0K)
 Metaspace       used 5359K, committed 5632K, reserved 1056768K
  class space    used 640K, committed 768K, reserved 1048576K
}
Event: 2.922 GC heap after
{Heap after GC invocations=1 (full 0):
 garbage-first heap   total 129024K, used 4349K [0x0000000083000000, 0x0000000100000000)
  region size 1024K, 2 young (2048K), 2 survivors (2048K)
 Metaspace       used 5359K, committed 5632K, reserved 1056768K
  class space    used 640K, committed 768K, reserved 1048576K
}

Dll operation events (7 events):
Event: 0.030 Loaded shared library C:\Users\dudia\AppData\Local\Programs\Eclipse Adoptium\jdk-17.0.6.10-hotspot\bin\java.dll
Event: 0.069 Loaded shared library C:\Users\dudia\AppData\Local\Programs\Eclipse Adoptium\jdk-17.0.6.10-hotspot\bin\jsvml.dll
Event: 0.768 Loaded shared library C:\Users\dudia\AppData\Local\Programs\Eclipse Adoptium\jdk-17.0.6.10-hotspot\bin\net.dll
Event: 0.780 Loaded shared library C:\Users\dudia\AppData\Local\Programs\Eclipse Adoptium\jdk-17.0.6.10-hotspot\bin\nio.dll
Event: 0.810 Loaded shared library C:\Users\dudia\AppData\Local\Programs\Eclipse Adoptium\jdk-17.0.6.10-hotspot\bin\zip.dll
Event: 1.028 Loaded shared library C:\Users\dudia\AppData\Local\Programs\Eclipse Adoptium\jdk-17.0.6.10-hotspot\bin\jimage.dll
Event: 3.269 Loaded shared library C:\Users\dudia\AppData\Local\Programs\Eclipse Adoptium\jdk-17.0.6.10-hotspot\bin\sunmscapi.dll

Deoptimization events (20 events):
Event: 3.264 Thread 0x00000136453edfd0 DEOPT PACKING pc=0x0000013656b6cda4 sp=0x0000002afdcfb540
Event: 3.264 Thread 0x00000136453edfd0 DEOPT UNPACKING pc=0x00000136565da1a3 sp=0x0000002afdcfb4d0 mode 2
Event: 3.374 Thread 0x00000136453edfd0 Uncommon trap: trap_request=0xffffffbe fr.pc=0x0000013656b80a84 relative=0x00000000000003e4
Event: 3.374 Thread 0x00000136453edfd0 Uncommon trap: reason=profile_predicate action=maybe_recompile pc=0x0000013656b80a84 method=jdk.internal.jimage.ImageStringsReader.unmaskedHashCode(Ljava/lang/String;I)I @ 13 c2
Event: 3.374 Thread 0x00000136453edfd0 DEOPT PACKING pc=0x0000013656b80a84 sp=0x0000002afdcfde10
Event: 3.374 Thread 0x00000136453edfd0 DEOPT UNPACKING pc=0x00000136565da1a3 sp=0x0000002afdcfdd78 mode 2
Event: 3.374 Thread 0x00000136453edfd0 Uncommon trap: trap_request=0xffffffbe fr.pc=0x0000013656b80a84 relative=0x00000000000003e4
Event: 3.374 Thread 0x00000136453edfd0 Uncommon trap: reason=profile_predicate action=maybe_recompile pc=0x0000013656b80a84 method=jdk.internal.jimage.ImageStringsReader.unmaskedHashCode(Ljava/lang/String;I)I @ 13 c2
Event: 3.374 Thread 0x00000136453edfd0 DEOPT PACKING pc=0x0000013656b80a84 sp=0x0000002afdcfde10
Event: 3.374 Thread 0x00000136453edfd0 DEOPT UNPACKING pc=0x00000136565da1a3 sp=0x0000002afdcfdd78 mode 2
Event: 3.374 Thread 0x00000136453edfd0 Uncommon trap: trap_request=0xffffffbe fr.pc=0x0000013656b80a84 relative=0x00000000000003e4
Event: 3.374 Thread 0x00000136453edfd0 Uncommon trap: reason=profile_predicate action=maybe_recompile pc=0x0000013656b80a84 method=jdk.internal.jimage.ImageStringsReader.unmaskedHashCode(Ljava/lang/String;I)I @ 13 c2
Event: 3.374 Thread 0x00000136453edfd0 DEOPT PACKING pc=0x0000013656b80a84 sp=0x0000002afdcfde50
Event: 3.374 Thread 0x00000136453edfd0 DEOPT UNPACKING pc=0x00000136565da1a3 sp=0x0000002afdcfddb8 mode 2
Event: 3.374 Thread 0x00000136453edfd0 Uncommon trap: trap_request=0xffffffbe fr.pc=0x0000013656b80a84 relative=0x00000000000003e4
Event: 3.374 Thread 0x00000136453edfd0 Uncommon trap: reason=profile_predicate action=maybe_recompile pc=0x0000013656b80a84 method=jdk.internal.jimage.ImageStringsReader.unmaskedHashCode(Ljava/lang/String;I)I @ 13 c2
Event: 3.374 Thread 0x00000136453edfd0 DEOPT PACKING pc=0x0000013656b80a84 sp=0x0000002afdcfde50
Event: 3.374 Thread 0x00000136453edfd0 DEOPT UNPACKING pc=0x00000136565da1a3 sp=0x0000002afdcfddb8 mode 2
Event: 3.417 Thread 0x00000136453edfd0 DEOPT PACKING pc=0x000001364f08e5fe sp=0x0000002afdcfd210
Event: 3.418 Thread 0x00000136453edfd0 DEOPT UNPACKING pc=0x00000136565dace3 sp=0x0000002afdcfc680 mode 0

Classes unloaded (0 events):
No events

Classes redefined (0 events):
No events

Internal exceptions (20 events):
Event: 2.392 Thread 0x00000136453edfd0 Exception <a 'java/lang/NoSuchMethodError'{0x000000008a512488}: 'java.lang.Object java.lang.invoke.DirectMethodHandle$Holder.invokeSpecialIFC(java.lang.Object, java.lang.Object, java.lang.Object, java.lang.Object)'> (0x000000008a512488) 
thrown [s\src\hotspot\share\interpreter\linkResolver.cpp, line 759]
Event: 2.397 Thread 0x00000136453edfd0 Exception <a 'java/lang/NoSuchMethodError'{0x000000008a522b18}: 'int java.lang.invoke.DirectMethodHandle$Holder.invokeVirtual(java.lang.Object, java.lang.Object)'> (0x000000008a522b18) 
thrown [s\src\hotspot\share\interpreter\linkResolver.cpp, line 759]
Event: 2.398 Thread 0x00000136453edfd0 Exception <a 'java/lang/NoSuchMethodError'{0x000000008a528ec0}: 'double java.lang.invoke.DirectMethodHandle$Holder.invokeVirtual(java.lang.Object, java.lang.Object)'> (0x000000008a528ec0) 
thrown [s\src\hotspot\share\interpreter\linkResolver.cpp, line 759]
Event: 2.400 Thread 0x00000136453edfd0 Exception <a 'java/lang/NoSuchMethodError'{0x000000008a52f428}: 'float java.lang.invoke.DirectMethodHandle$Holder.invokeVirtual(java.lang.Object, java.lang.Object)'> (0x000000008a52f428) 
thrown [s\src\hotspot\share\interpreter\linkResolver.cpp, line 759]
Event: 2.403 Thread 0x00000136453edfd0 Exception <a 'java/lang/NoSuchMethodError'{0x000000008a538378}: 'long java.lang.invoke.DirectMethodHandle$Holder.invokeVirtual(java.lang.Object, java.lang.Object)'> (0x000000008a538378) 
thrown [s\src\hotspot\share\interpreter\linkResolver.cpp, line 759]
Event: 2.417 Thread 0x00000136453edfd0 Exception <a 'java/lang/NoSuchMethodError'{0x000000008a56aa98}: 'void java.lang.invoke.DirectMethodHandle$Holder.invokeStatic(java.lang.Object, java.lang.Object, java.lang.Object)'> (0x000000008a56aa98) 
thrown [s\src\hotspot\share\interpreter\linkResolver.cpp, line 759]
Event: 2.418 Thread 0x00000136453edfd0 Exception <a 'java/lang/NoSuchMethodError'{0x000000008a570e20}: 'java.lang.Object java.lang.invoke.DirectMethodHandle$Holder.invokeVirtual(java.lang.Object, java.lang.Object, java.lang.Object)'> (0x000000008a570e20) 
thrown [s\src\hotspot\share\interpreter\linkResolver.cpp, line 759]
Event: 2.466 Thread 0x00000136453edfd0 Exception <a 'java/lang/NoSuchMethodError'{0x000000008a409f90}: 'void java.lang.invoke.DirectMethodHandle$Holder.invokeStatic(java.lang.Object, java.lang.Object, java.lang.Object, java.lang.Object)'> (0x000000008a409f90) 
thrown [s\src\hotspot\share\interpreter\linkResolver.cpp, line 759]
Event: 2.501 Thread 0x00000136453edfd0 Exception <a 'java/lang/NoSuchMethodError'{0x000000008a4805d8}: 'java.lang.Object java.lang.invoke.DirectMethodHandle$Holder.invokeInterface(java.lang.Object, java.lang.Object)'> (0x000000008a4805d8) 
thrown [s\src\hotspot\share\interpreter\linkResolver.cpp, line 759]
Event: 2.592 Thread 0x00000136453edfd0 Exception <a 'java/lang/NoSuchMethodError'{0x000000008a3821a0}: 'java.lang.Object java.lang.invoke.DirectMethodHandle$Holder.invokeStatic(java.lang.Object, java.lang.Object, int)'> (0x000000008a3821a0) 
thrown [s\src\hotspot\share\interpreter\linkResolver.cpp, line 759]
Event: 2.592 Thread 0x00000136453edfd0 Exception <a 'java/lang/NoSuchMethodError'{0x000000008a385bc0}: 'java.lang.Object java.lang.invoke.DirectMethodHandle$Holder.invokeStaticInit(java.lang.Object, java.lang.Object, int)'> (0x000000008a385bc0) 
thrown [s\src\hotspot\share\interpreter\linkResolver.cpp, line 759]
Event: 2.593 Thread 0x00000136453edfd0 Exception <a 'java/lang/NoSuchMethodError'{0x000000008a38c2e0}: 'java.lang.Object java.lang.invoke.DirectMethodHandle$Holder.newInvokeSpecial(java.lang.Object, java.lang.Object, int)'> (0x000000008a38c2e0) 
thrown [s\src\hotspot\share\interpreter\linkResolver.cpp, line 759]
Event: 2.596 Thread 0x00000136453edfd0 Exception <a 'java/lang/NoSuchMethodError'{0x000000008a396780}: 'int java.lang.invoke.DirectMethodHandle$Holder.invokeStaticInit(java.lang.Object, java.lang.Object, java.lang.Object)'> (0x000000008a396780) 
thrown [s\src\hotspot\share\interpreter\linkResolver.cpp, line 759]
Event: 2.600 Thread 0x00000136453edfd0 Exception <a 'java/lang/NoSuchMethodError'{0x000000008a3aabb8}: 'int java.lang.invoke.DirectMethodHandle$Holder.invokeSpecial(java.lang.Object, java.lang.Object, java.lang.Object)'> (0x000000008a3aabb8) 
thrown [s\src\hotspot\share\interpreter\linkResolver.cpp, line 759]
Event: 2.611 Thread 0x00000136453edfd0 Exception <a 'java/lang/NoSuchMethodError'{0x000000008a3b2e58}: 'int java.lang.invoke.DirectMethodHandle$Holder.invokeSpecialIFC(java.lang.Object, java.lang.Object, java.lang.Object)'> (0x000000008a3b2e58) 
thrown [s\src\hotspot\share\interpreter\linkResolver.cpp, line 759]
Event: 2.759 Thread 0x00000136453edfd0 Exception <a 'sun/nio/fs/WindowsException'{0x000000008a1085a0}> (0x000000008a1085a0) 
thrown [s\src\hotspot\share\prims\jni.cpp, line 516]
Event: 2.797 Thread 0x00000136453edfd0 Exception <a 'java/lang/NoSuchMethodError'{0x000000008a12a850}: 'int java.lang.invoke.DirectMethodHandle$Holder.invokeStaticInit(java.lang.Object, java.lang.Object, java.lang.Object, java.lang.Object)'> (0x000000008a12a850) 
thrown [s\src\hotspot\share\interpreter\linkResolver.cpp, line 759]
Event: 2.798 Thread 0x00000136453edfd0 Exception <a 'java/lang/IncompatibleClassChangeError'{0x000000008a1339f8}: Found class java.lang.Object, but interface was expected> (0x000000008a1339f8) 
thrown [s\src\hotspot\share\interpreter\linkResolver.cpp, line 826]
Event: 3.080 Thread 0x00000136453edfd0 Exception <a 'java/lang/NoSuchMethodError'{0x000000008a817420}: 'java.lang.Object java.lang.invoke.DirectMethodHandle$Holder.invokeStaticInit(java.lang.Object, int, int, int, int)'> (0x000000008a817420) 
thrown [s\src\hotspot\share\interpreter\linkResolver.cpp, line 759]
Event: 3.186 Thread 0x00000136453edfd0 Exception <a 'java/lang/NoSuchMethodError'{0x000000008a8861b8}: 'java.lang.Object java.lang.invoke.DirectMethodHandle$Holder.invokeStaticInit(java.lang.Object, java.lang.Object, int, int, int, int)'> (0x000000008a8861b8) 
thrown [s\src\hotspot\share\interpreter\linkResolver.cpp, line 759]

VM Operations (20 events):
Event: 0.811 Executing VM operation: HandshakeAllThreads
Event: 0.811 Executing VM operation: HandshakeAllThreads done
Event: 1.146 Executing VM operation: HandshakeAllThreads
Event: 1.146 Executing VM operation: HandshakeAllThreads done
Event: 1.146 Executing VM operation: Cleanup
Event: 1.146 Executing VM operation: Cleanup done
Event: 1.317 Executing VM operation: HandshakeAllThreads
Event: 1.317 Executing VM operation: HandshakeAllThreads done
Event: 1.329 Executing VM operation: HandshakeAllThreads
Event: 1.329 Executing VM operation: HandshakeAllThreads done
Event: 2.334 Executing VM operation: Cleanup
Event: 2.334 Executing VM operation: Cleanup done
Event: 2.526 Executing VM operation: HandshakeAllThreads
Event: 2.526 Executing VM operation: HandshakeAllThreads done
Event: 2.663 Executing VM operation: HandshakeAllThreads
Event: 2.663 Executing VM operation: HandshakeAllThreads done
Event: 2.917 Executing VM operation: G1CollectForAllocation
Event: 2.925 Executing VM operation: G1CollectForAllocation done
Event: 3.208 Executing VM operation: HandshakeAllThreads
Event: 3.208 Executing VM operation: HandshakeAllThreads done

Events (20 events):
Event: 3.352 loading class sun/nio/ch/Interruptible
Event: 3.352 loading class sun/nio/ch/Interruptible done
Event: 3.352 loading class java/nio/channels/spi/AbstractInterruptibleChannel$1 done
Event: 3.367 loading class java/nio/BufferMismatch
Event: 3.368 loading class java/nio/BufferMismatch done
Event: 3.368 loading class sun/nio/ch/SourceChannelImpl
Event: 3.368 loading class java/nio/channels/Pipe$SourceChannel
Event: 3.368 loading class java/nio/channels/Pipe$SourceChannel done
Event: 3.368 loading class sun/nio/ch/SourceChannelImpl done
Event: 3.368 loading class sun/nio/ch/SinkChannelImpl
Event: 3.369 loading class java/nio/channels/Pipe$SinkChannel
Event: 3.369 loading class java/nio/channels/Pipe$SinkChannel done
Event: 3.369 loading class sun/nio/ch/SinkChannelImpl done
Event: 3.376 Thread 0x00000136665b15d0 Thread added: 0x00000136665b15d0
Event: 3.383 loading class java/nio/channels/spi/AbstractSelector$1
Event: 3.384 loading class java/nio/channels/spi/AbstractSelector$1 done
Event: 3.400 loading class java/io/InvalidObjectException
Event: 3.400 loading class java/io/ObjectStreamException
Event: 3.400 loading class java/io/ObjectStreamException done
Event: 3.400 loading class java/io/InvalidObjectException done


Dynamic libraries:
0x00007ff7f4290000 - 0x00007ff7f429e000 	C:\Users\dudia\AppData\Local\Programs\Eclipse Adoptium\jdk-17.0.6.10-hotspot\bin\javaw.exe
0x00007ffe5fb70000 - 0x00007ffe5fd87000 	C:\WINDOWS\SYSTEM32\ntdll.dll
0x00007ffe5dd10000 - 0x00007ffe5ddd4000 	C:\WINDOWS\System32\KERNEL32.DLL
0x00007ffe5cef0000 - 0x00007ffe5d296000 	C:\WINDOWS\System32\KERNELBASE.dll
0x00007ffe5d6f0000 - 0x00007ffe5d801000 	C:\WINDOWS\System32\ucrtbase.dll
0x00007ffe4ac00000 - 0x00007ffe4ac17000 	C:\Users\dudia\AppData\Local\Programs\Eclipse Adoptium\jdk-17.0.6.10-hotspot\bin\jli.dll
0x00007ffe5f980000 - 0x00007ffe5fb2d000 	C:\WINDOWS\System32\USER32.dll
0x00007ffe5d5a0000 - 0x00007ffe5d5c6000 	C:\WINDOWS\System32\win32u.dll
0x00007ffe5deb0000 - 0x00007ffe5ded9000 	C:\WINDOWS\System32\GDI32.dll
0x00007ffe5d5d0000 - 0x00007ffe5d6e8000 	C:\WINDOWS\System32\gdi32full.dll
0x00007ffe5d2a0000 - 0x00007ffe5d33a000 	C:\WINDOWS\System32\msvcp_win.dll
0x00007ffe4a9a0000 - 0x00007ffe4a9b9000 	C:\Users\dudia\AppData\Local\Programs\Eclipse Adoptium\jdk-17.0.6.10-hotspot\bin\VCRUNTIME140.dll
0x00007ffe44f80000 - 0x00007ffe45213000 	C:\WINDOWS\WinSxS\amd64_microsoft.windows.common-controls_6595b64144ccf1df_6.0.22621.2361_none_2712ced57382f843\COMCTL32.dll
0x00007ffe5dff0000 - 0x00007ffe5e097000 	C:\WINDOWS\System32\msvcrt.dll
0x00007ffe5e480000 - 0x00007ffe5e4b1000 	C:\WINDOWS\System32\IMM32.DLL
0x00007ffe55460000 - 0x00007ffe5546c000 	C:\Users\dudia\AppData\Local\Programs\Eclipse Adoptium\jdk-17.0.6.10-hotspot\bin\vcruntime140_1.dll
0x00007ffe41850000 - 0x00007ffe418e1000 	C:\Users\dudia\AppData\Local\Programs\Eclipse Adoptium\jdk-17.0.6.10-hotspot\bin\msvcp140.dll
0x00007ffdcd320000 - 0x00007ffdcdf67000 	C:\Users\dudia\AppData\Local\Programs\Eclipse Adoptium\jdk-17.0.6.10-hotspot\bin\server\jvm.dll
0x00007ffe5de00000 - 0x00007ffe5deb0000 	C:\WINDOWS\System32\ADVAPI32.dll
0x00007ffe5e3d0000 - 0x00007ffe5e476000 	C:\WINDOWS\System32\sechost.dll
0x00007ffe5daa0000 - 0x00007ffe5dbb7000 	C:\WINDOWS\System32\RPCRT4.dll
0x00007ffe42930000 - 0x00007ffe42939000 	C:\WINDOWS\SYSTEM32\WSOCK32.dll
0x00007ffe5d8d0000 - 0x00007ffe5d941000 	C:\WINDOWS\System32\WS2_32.dll
0x00007ffe56130000 - 0x00007ffe56164000 	C:\WINDOWS\SYSTEM32\WINMM.dll
0x00007ffe4d100000 - 0x00007ffe4d10a000 	C:\WINDOWS\SYSTEM32\VERSION.dll
0x00007ffe5bf30000 - 0x00007ffe5bf48000 	C:\WINDOWS\SYSTEM32\kernel.appcore.dll
0x00007ffe52ee0000 - 0x00007ffe52eea000 	C:\Users\dudia\AppData\Local\Programs\Eclipse Adoptium\jdk-17.0.6.10-hotspot\bin\jimage.dll
0x00007ffe5a830000 - 0x00007ffe5aa5e000 	C:\WINDOWS\SYSTEM32\DBGHELP.DLL
0x00007ffe5ebf0000 - 0x00007ffe5ef7a000 	C:\WINDOWS\System32\combase.dll
0x00007ffe5f040000 - 0x00007ffe5f117000 	C:\WINDOWS\System32\OLEAUT32.dll
0x00007ffe4c910000 - 0x00007ffe4c942000 	C:\WINDOWS\SYSTEM32\dbgcore.DLL
0x00007ffe5d340000 - 0x00007ffe5d3ba000 	C:\WINDOWS\System32\bcryptPrimitives.dll
0x00007ffe29270000 - 0x00007ffe29295000 	C:\Users\dudia\AppData\Local\Programs\Eclipse Adoptium\jdk-17.0.6.10-hotspot\bin\java.dll
0x00007ffdf9aa0000 - 0x00007ffdf9b76000 	C:\Users\dudia\AppData\Local\Programs\Eclipse Adoptium\jdk-17.0.6.10-hotspot\bin\jsvml.dll
0x00007ffe5f120000 - 0x00007ffe5f978000 	C:\WINDOWS\System32\SHELL32.dll
0x00007ffe5ae50000 - 0x00007ffe5b742000 	C:\WINDOWS\SYSTEM32\windows.storage.dll
0x00007ffe5ad10000 - 0x00007ffe5ae4e000 	C:\WINDOWS\SYSTEM32\wintypes.dll
0x00007ffe5dee0000 - 0x00007ffe5dfd3000 	C:\WINDOWS\System32\SHCORE.dll
0x00007ffe5e370000 - 0x00007ffe5e3ce000 	C:\WINDOWS\System32\shlwapi.dll
0x00007ffe5ce20000 - 0x00007ffe5ce46000 	C:\WINDOWS\SYSTEM32\profapi.dll
0x00007ffe374a0000 - 0x00007ffe374b9000 	C:\Users\dudia\AppData\Local\Programs\Eclipse Adoptium\jdk-17.0.6.10-hotspot\bin\net.dll
0x00007ffe56c40000 - 0x00007ffe56d77000 	C:\WINDOWS\SYSTEM32\WINHTTP.dll
0x00007ffe5c3b0000 - 0x00007ffe5c419000 	C:\WINDOWS\system32\mswsock.dll
0x00007ffe2e010000 - 0x00007ffe2e025000 	C:\Users\dudia\AppData\Local\Programs\Eclipse Adoptium\jdk-17.0.6.10-hotspot\bin\nio.dll
0x00007ffe2d800000 - 0x00007ffe2d818000 	C:\Users\dudia\AppData\Local\Programs\Eclipse Adoptium\jdk-17.0.6.10-hotspot\bin\zip.dll
0x00007ffe5ba20000 - 0x00007ffe5bb19000 	C:\WINDOWS\SYSTEM32\DNSAPI.dll
0x00007ffe5b9b0000 - 0x00007ffe5b9dd000 	C:\WINDOWS\SYSTEM32\IPHLPAPI.DLL
0x00007ffe5e360000 - 0x00007ffe5e369000 	C:\WINDOWS\System32\NSI.dll
0x00007ffe52b90000 - 0x00007ffe52b9a000 	C:\Windows\System32\rasadhlp.dll
0x00007ffe558f0000 - 0x00007ffe55974000 	C:\WINDOWS\System32\fwpuclnt.dll
0x00007ffe5c600000 - 0x00007ffe5c61b000 	C:\WINDOWS\SYSTEM32\CRYPTSP.dll
0x00007ffe5be90000 - 0x00007ffe5bec5000 	C:\WINDOWS\system32\rsaenh.dll
0x00007ffe5c4a0000 - 0x00007ffe5c4cc000 	C:\WINDOWS\SYSTEM32\USERENV.dll
0x00007ffe5c7c0000 - 0x00007ffe5c7e8000 	C:\WINDOWS\SYSTEM32\bcrypt.dll
0x00007ffe5c620000 - 0x00007ffe5c62c000 	C:\WINDOWS\SYSTEM32\CRYPTBASE.dll
0x00007ffe56880000 - 0x00007ffe56899000 	C:\WINDOWS\SYSTEM32\dhcpcsvc6.DLL
0x00007ffe56860000 - 0x00007ffe5687f000 	C:\WINDOWS\SYSTEM32\dhcpcsvc.DLL
0x00007ffe555f0000 - 0x00007ffe555fe000 	C:\Users\dudia\AppData\Local\Programs\Eclipse Adoptium\jdk-17.0.6.10-hotspot\bin\sunmscapi.dll
0x00007ffe5d430000 - 0x00007ffe5d596000 	C:\WINDOWS\System32\CRYPT32.dll
0x00007ffe5c790000 - 0x00007ffe5c7bd000 	C:\WINDOWS\SYSTEM32\ncrypt.dll
0x00007ffe5c750000 - 0x00007ffe5c787000 	C:\WINDOWS\SYSTEM32\NTASN1.dll
0x00007ffe56ff0000 - 0x00007ffe56ff8000 	C:\WINDOWS\system32\wshunix.dll

dbghelp: loaded successfully - version: 4.0.5 - missing functions: none
symbol engine: initialized successfully - sym options: 0x614 - pdb path: .;C:\Users\dudia\AppData\Local\Programs\Eclipse Adoptium\jdk-17.0.6.10-hotspot\bin;C:\WINDOWS\SYSTEM32;C:\WINDOWS\WinSxS\amd64_microsoft.windows.common-controls_6595b64144ccf1df_6.0.22621.2361_none_2712ced57382f843;C:\Users\dudia\AppData\Local\Programs\Eclipse Adoptium\jdk-17.0.6.10-hotspot\bin\server

VM Arguments:
jvm_args: -Dfile.encoding=UTF-8 -Dstdout.encoding=UTF-8 -Dstderr.encoding=UTF-8 -XX:+ShowCodeDetailsInExceptionMessages 
java_command: myFirstSelenium.nySelenium
java_class_path (initial): C:\Users\dudia\eclipse-workspace\myFirstSelenium\bin;C:\Users\dudia\OneDrive\\atumition\libs\selenium-java-4.15.0\selenium-api-4.15.0.jar;C:\Users\dudia\OneDrive\\atumition\libs\selenium-java-4.15.0\selenium-api-4.15.0-sources.jar;C:\Users\dudia\OneDrive\\atumition\libs\selenium-java-4.15.0\selenium-chrome-driver-4.15.0.jar;C:\Users\dudia\OneDrive\\atumition\libs\selenium-java-4.15.0\selenium-chrome-driver-4.15.0-sources.jar;C:\Users\dudia\OneDrive\\atumition\libs\selenium-java-4.15.0\selenium-chromium-driver-4.15.0.jar;C:\Users\dudia\OneDrive\\atumition\libs\selenium-java-4.15.0\selenium-chromium-driver-4.15.0-sources.jar;C:\Users\dudia\OneDrive\\atumition\libs\selenium-java-4.15.0\selenium-devtools-v85-4.15.0.jar;C:\Users\dudia\OneDrive\\atumition\libs\selenium-java-4.15.0\selenium-devtools-v85-4.15.0-sources.jar;C:\Users\dudia\OneDrive\\atumition\libs\selenium-java-4.15.0\selenium-devtools-v117-4.15.0.jar;C:\Users\dudia\OneDrive\\atumition\libs\selenium-java-4.15.0\selenium-devtools-v117-4.15.0-sources.jar;C:\Users\dudia\OneDrive\\atumition\libs\selenium-java-4.15.0\selenium-devtools-v118-4.15.0.jar;C:\Users\dudia\OneDrive\\atumition\libs\selenium-java-4.15.0\selenium-devtools-v118-4.15.0-sources.jar;C:\Users\dudia\OneDrive\\atumition\libs\selenium-java-4.15.0\selenium-devtools-v119-4.15.0.jar;C:\Users\dudia\OneDrive\\atumition\libs\selenium-java-4.15.0\selenium-devtools-v119-4.15.0-sources.jar;C:\Users\dudia\OneDrive\\atumition\libs\selenium-java-4.15.0\selenium-edge-driver-4.15.0.jar;C:\Users\dudia\OneDrive\\atumition\libs\selenium-java-4.15.0\selenium-edge-driver-4.15.0-sources.jar;C:\Users\dudia\OneDrive\\atumition\libs\selenium-java-4.15.0\selenium-firefox-driver-4.15.0.jar;C:\Users\dudia\OneDrive\\atumition\libs\selenium-java-4.15.0\selenium-firefox-driver-4.15.0-sources.jar;C:\Users\dudia\OneDrive\\atumition\libs\se
Launcher Type: SUN_STANDARD

[Global flags]
     intx CICompilerCount                          = 3                                         {product} {ergonomic}
     uint ConcGCThreads                            = 1                                         {product} {ergonomic}
     uint G1ConcRefinementThreads                  = 4                                         {product} {ergonomic}
   size_t G1HeapRegionSize                         = 1048576                                   {product} {ergonomic}
    uintx GCDrainStackTargetSize                   = 64                                        {product} {ergonomic}
   size_t InitialHeapSize                          = 132120576                                 {product} {ergonomic}
   size_t MarkStackSize                            = 4194304                                   {product} {ergonomic}
   size_t MaxHeapSize                              = 2097152000                                {product} {ergonomic}
   size_t MaxNewSize                               = 1258291200                                {product} {ergonomic}
   size_t MinHeapDeltaBytes                        = 1048576                                   {product} {ergonomic}
   size_t MinHeapSize                              = 8388608                                   {product} {ergonomic}
    uintx NonNMethodCodeHeapSize                   = 5832780                                {pd product} {ergonomic}
    uintx NonProfiledCodeHeapSize                  = 122912730                              {pd product} {ergonomic}
    uintx ProfiledCodeHeapSize                     = 122912730                              {pd product} {ergonomic}
    uintx ReservedCodeCacheSize                    = 251658240                              {pd product} {ergonomic}
     bool SegmentedCodeCache                       = true                                      {product} {ergonomic}
     bool ShowCodeDetailsInExceptionMessages       = true                                   {manageable} {command line}
   size_t SoftMaxHeapSize                          = 2097152000                             {manageable} {ergonomic}
     bool UseCompressedClassPointers               = true                           {product lp64_product} {ergonomic}
     bool UseCompressedOops                        = true                           {product lp64_product} {ergonomic}
     bool UseG1GC                                  = true                                      {product} {ergonomic}
     bool UseLargePagesIndividualAllocation        = false                                  {pd product} {ergonomic}

Logging:
Log output configuration:
 #0: stdout all=warning uptime,level,tags
 #1: stderr all=off uptime,level,tags

Environment Variables:
JAVA_HOME=C:\Users\dudia\AppData\Local\Programs\Eclipse Adoptium\jdk-17.0.6.10-hotspot\
PATH=C:/Users/dudia/AppData/Local/Programs/Eclipse Adoptium/jdk-17.0.6.10-hotspot/bin/server;C:/Users/dudia/AppData/Local/Programs/Eclipse Adoptium/jdk-17.0.6.10-hotspot/bin;C:\Program Files (x86)\Common Files\Oracle\Java\javapath;C:\Program Files (x86)\VMware\VMware Player\bin\;C:\WINDOWS\system32;C:\WINDOWS;C:\WINDOWS\System32\Wbem;C:\WINDOWS\System32\WindowsPowerShell\v1.0\;C:\WINDOWS\System32\OpenSSH\;C:\Users\dudia\AppData\Local\Programs\Eclipse Adoptium\jdk-17.0.6.10-hotspot\bin;C:\Users\dudia\AppData\Local\Microsoft\WindowsApps;C:\Program Files (x86)\Java;;C:\Users\dudia\AppData\Local\Programs\Microsoft VS Code\bin;C:\Users\dudia\OneDrive\ ;
USERNAME=dudia
OS=Windows_NT
PROCESSOR_IDENTIFIER=Intel64 Family 6 Model 126 Stepping 5, GenuineIntel
TMP=C:\Users\dudia\AppData\Local\Temp
TEMP=C:\Users\dudia\AppData\Local\Temp



---------------  S Y S T E M  ---------------

OS:
 Windows 11 , 64 bit Build 22621 (10.0.22621.2428)
OS uptime: 6 days 16:07 hours

CPU: total 4 (initial active 4) (2 cores per cpu, 2 threads per core) family 6 model 126 stepping 5 microcode 0xa0, cx8, cmov, fxsr, ht, mmx, 3dnowpref, sse, sse2, sse3, ssse3, sse4.1, sse4.2, popcnt, lzcnt, tsc, tscinvbit, avx, avx2, aes, erms, clmul, bmi1, bmi2, adx, avx512f, avx512dq, avx512cd, avx512bw, avx512vl, sha, fma, vzeroupper, avx512_vpopcntdq, avx512_vpclmulqdq, avx512_vaes, avx512_vnni, clflush, clflushopt, avx512_vbmi2, avx512_vbmi

Memory: 4k page, system-wide physical 7998M (581M free)
TotalPageFile size 32574M (AvailPageFile size 8M)
current process WorkingSet (physical memory assigned to process): 72M, peak: 72M
current process commit charge ("private bytes"): 217M, peak: 217M

vm_info: OpenJDK 64-Bit Server VM (17.0.6+10) for windows-amd64 JRE (17.0.6+10), built on Jan 18 2023 10:08:59 by "temurin" with MS VC++ 16.7 (VS2019)

END.
