#
# There is insufficient memory for the Java Runtime Environment to continue.
# Native memory allocation (mmap) failed to map 132120576 bytes for G1 virtual space
# Possible reasons:
#   The system is out of physical RAM or swap space
#   The process is running with CompressedOops enabled, and the Java Heap may be blocking the growth of the native heap
# Possible solutions:
#   Reduce memory load on the system
#   Increase physical memory or swap space
#   Check if swap backing store is full
#   Decrease Java heap size (-Xmx/-Xms)
#   Decrease number of Java threads
#   Decrease Java thread stack sizes (-Xss)
#   Set larger code cache with -XX:ReservedCodeCacheSize=
#   JVM is running with Unscaled Compressed Oops mode in which the Java heap is
#     placed in the first 4GB address space. The Java Heap base address is the
#     maximum limit for the native heap growth. Please use -XX:HeapBaseMinAddress
#     to set the Java Heap base and to place the Java Heap above 4GB virtual address.
# This output file may be truncated or incomplete.
#
#  Out of Memory Error (os_windows.cpp:3557), pid=15748, tid=43468
#
# JRE version:  (17.0.6+10) (build )
# Java VM: OpenJDK 64-Bit Server VM (17.0.6+10, mixed mode, sharing, tiered, compressed oops, compressed class ptrs, g1 gc, windows-amd64)
# No core dump will be written. Minidumps are not enabled by default on client versions of Windows
#

---------------  S U M M A R Y ------------

Command Line: -Dfile.encoding=UTF-8 -Dstdout.encoding=UTF-8 -Dstderr.encoding=UTF-8 -XX:+ShowCodeDetailsInExceptionMessages myFirstSelenium.azr

Host: Intel(R) Core(TM) i3-1005G1 CPU @ 1.20GHz, 4 cores, 7G,  Windows 11 , 64 bit Build 22621 (10.0.22621.2428)
Time: Mon Dec 11 10:31:18 2023  Windows 11 , 64 bit Build 22621 (10.0.22621.2428) elapsed time: 0.015617 seconds (0d 0h 0m 0s)

---------------  T H R E A D  ---------------

Current thread (0x0000026364ff2fb0):  JavaThread "Unknown thread" [_thread_in_vm, id=43468, stack(0x000000a1d1700000,0x000000a1d1800000)]

Stack: [0x000000a1d1700000,0x000000a1d1800000]
Native frames: (J=compiled Java code, j=interpreted, Vv=VM code, C=native code)
V  [jvm.dll+0x67741a]
V  [jvm.dll+0x834434]
V  [jvm.dll+0x835bde]
V  [jvm.dll+0x836243]
V  [jvm.dll+0x2457b5]
V  [jvm.dll+0x674329]
V  [jvm.dll+0x6689da]
V  [jvm.dll+0x30489b]
V  [jvm.dll+0x30bd96]
V  [jvm.dll+0x35b57e]
V  [jvm.dll+0x35b7af]
V  [jvm.dll+0x2db778]
V  [jvm.dll+0x2dc6e4]
V  [jvm.dll+0x806131]
V  [jvm.dll+0x369331]
V  [jvm.dll+0x7e56ac]
V  [jvm.dll+0x3eb35f]
V  [jvm.dll+0x3ecea1]
C  [jli.dll+0x5267]
C  [ucrtbase.dll+0x29363]
C  [KERNEL32.DLL+0x1257d]
C  [ntdll.dll+0x5aa78]


---------------  P R O C E S S  ---------------

Threads class SMR info:
_java_thread_list=0x00007ffdcde35fd8, length=0, elements={
}

Java Threads: ( => current thread )

Other Threads:
  0x000002636504d5c0 GCTaskThread "GC Thread#0" [stack: 0x000000a1d1800000,0x000000a1d1900000] [id=41976]
  0x000002636505e6a0 ConcurrentGCThread "G1 Main Marker" [stack: 0x000000a1d1900000,0x000000a1d1a00000] [id=43536]
  0x000002636505f0b0 ConcurrentGCThread "G1 Conc#0" [stack: 0x000000a1d1a00000,0x000000a1d1b00000] [id=44568]

[error occurred during error reporting (printing all threads), id 0xc0000005, EXCEPTION_ACCESS_VIOLATION (0xc0000005) at pc=0x00007ffdcd60c1e7]

VM state: not at safepoint (not fully initialized)

VM Mutex/Monitor currently owned by a thread:  ([mutex/lock_event])
[0x0000026364fecba0] Heap_lock - owner thread: 0x0000026364ff2fb0

Heap address: 0x0000000083000000, size: 2000 MB, Compressed Oops mode: 32-bit

CDS archive(s) mapped at: [0x0000000000000000-0x0000000000000000-0x0000000000000000), size 0, SharedBaseAddress: 0x0000000800000000, ArchiveRelocationMode: 0.
Narrow klass base: 0x0000000000000000, Narrow klass shift: 0, Narrow klass range: 0x0

GC Precious Log:
<Empty>

Heap:
 garbage-first heap   total 0K, used 0K [0x0000000083000000, 0x0000000100000000)
  region size 1024K, 0 young (0K), 0 survivors (0K)

[error occurred during error reporting (printing heap information), id 0xc0000005, EXCEPTION_ACCESS_VIOLATION (0xc0000005) at pc=0x00007ffdcd9f06f9]

GC Heap History (0 events):
No events

Dll operation events (1 events):
Event: 0.011 Loaded shared library C:\Users\dudia\AppData\Local\Programs\Eclipse Adoptium\jdk-17.0.6.10-hotspot\bin\java.dll

Deoptimization events (0 events):
No events

Classes unloaded (0 events):
No events

Classes redefined (0 events):
No events

Internal exceptions (0 events):
No events

VM Operations (0 events):
No events

Events (0 events):
No events


Dynamic libraries:
0x00007ff7f4290000 - 0x00007ff7f429e000 	C:\Users\dudia\AppData\Local\Programs\Eclipse Adoptium\jdk-17.0.6.10-hotspot\bin\javaw.exe
0x00007ffe5fb70000 - 0x00007ffe5fd87000 	C:\WINDOWS\SYSTEM32\ntdll.dll
0x00007ffe5dd10000 - 0x00007ffe5ddd4000 	C:\WINDOWS\System32\KERNEL32.DLL
0x00007ffe5cef0000 - 0x00007ffe5d296000 	C:\WINDOWS\System32\KERNELBASE.dll
0x00007ffe5d6f0000 - 0x00007ffe5d801000 	C:\WINDOWS\System32\ucrtbase.dll
0x00007ffe4ac00000 - 0x00007ffe4ac17000 	C:\Users\dudia\AppData\Local\Programs\Eclipse Adoptium\jdk-17.0.6.10-hotspot\bin\jli.dll
0x00007ffe5f980000 - 0x00007ffe5fb2d000 	C:\WINDOWS\System32\USER32.dll
0x00007ffe5d5a0000 - 0x00007ffe5d5c6000 	C:\WINDOWS\System32\win32u.dll
0x00007ffe5deb0000 - 0x00007ffe5ded9000 	C:\WINDOWS\System32\GDI32.dll
0x00007ffe5d5d0000 - 0x00007ffe5d6e8000 	C:\WINDOWS\System32\gdi32full.dll
0x00007ffe5d2a0000 - 0x00007ffe5d33a000 	C:\WINDOWS\System32\msvcp_win.dll
0x00007ffe4a9a0000 - 0x00007ffe4a9b9000 	C:\Users\dudia\AppData\Local\Programs\Eclipse Adoptium\jdk-17.0.6.10-hotspot\bin\VCRUNTIME140.dll
0x00007ffe44f80000 - 0x00007ffe45213000 	C:\WINDOWS\WinSxS\amd64_microsoft.windows.common-controls_6595b64144ccf1df_6.0.22621.2361_none_2712ced57382f843\COMCTL32.dll
0x00007ffe5dff0000 - 0x00007ffe5e097000 	C:\WINDOWS\System32\msvcrt.dll
0x00007ffe5e480000 - 0x00007ffe5e4b1000 	C:\WINDOWS\System32\IMM32.DLL
0x00007ffe55460000 - 0x00007ffe5546c000 	C:\Users\dudia\AppData\Local\Programs\Eclipse Adoptium\jdk-17.0.6.10-hotspot\bin\vcruntime140_1.dll
0x00007ffe41850000 - 0x00007ffe418e1000 	C:\Users\dudia\AppData\Local\Programs\Eclipse Adoptium\jdk-17.0.6.10-hotspot\bin\msvcp140.dll
0x00007ffdcd320000 - 0x00007ffdcdf67000 	C:\Users\dudia\AppData\Local\Programs\Eclipse Adoptium\jdk-17.0.6.10-hotspot\bin\server\jvm.dll
0x00007ffe5de00000 - 0x00007ffe5deb0000 	C:\WINDOWS\System32\ADVAPI32.dll
0x00007ffe5e3d0000 - 0x00007ffe5e476000 	C:\WINDOWS\System32\sechost.dll
0x00007ffe5daa0000 - 0x00007ffe5dbb7000 	C:\WINDOWS\System32\RPCRT4.dll
0x00007ffe56130000 - 0x00007ffe56164000 	C:\WINDOWS\SYSTEM32\WINMM.dll
0x00007ffe42930000 - 0x00007ffe42939000 	C:\WINDOWS\SYSTEM32\WSOCK32.dll
0x00007ffe5d8d0000 - 0x00007ffe5d941000 	C:\WINDOWS\System32\WS2_32.dll
0x00007ffe4d100000 - 0x00007ffe4d10a000 	C:\WINDOWS\SYSTEM32\VERSION.dll
0x00007ffe5bf30000 - 0x00007ffe5bf48000 	C:\WINDOWS\SYSTEM32\kernel.appcore.dll
0x00007ffe52ee0000 - 0x00007ffe52eea000 	C:\Users\dudia\AppData\Local\Programs\Eclipse Adoptium\jdk-17.0.6.10-hotspot\bin\jimage.dll
0x00007ffe5a830000 - 0x00007ffe5aa5e000 	C:\WINDOWS\SYSTEM32\DBGHELP.DLL
0x00007ffe5ebf0000 - 0x00007ffe5ef7a000 	C:\WINDOWS\System32\combase.dll
0x00007ffe5f040000 - 0x00007ffe5f117000 	C:\WINDOWS\System32\OLEAUT32.dll
0x00007ffe4c910000 - 0x00007ffe4c942000 	C:\WINDOWS\SYSTEM32\dbgcore.DLL
0x00007ffe5d340000 - 0x00007ffe5d3ba000 	C:\WINDOWS\System32\bcryptPrimitives.dll
0x00007ffe29270000 - 0x00007ffe29295000 	C:\Users\dudia\AppData\Local\Programs\Eclipse Adoptium\jdk-17.0.6.10-hotspot\bin\java.dll

dbghelp: loaded successfully - version: 4.0.5 - missing functions: none
symbol engine: initialized successfully - sym options: 0x614 - pdb path: .;C:\Users\dudia\AppData\Local\Programs\Eclipse Adoptium\jdk-17.0.6.10-hotspot\bin;C:\WINDOWS\SYSTEM32;C:\WINDOWS\WinSxS\amd64_microsoft.windows.common-controls_6595b64144ccf1df_6.0.22621.2361_none_2712ced57382f843;C:\Users\dudia\AppData\Local\Programs\Eclipse Adoptium\jdk-17.0.6.10-hotspot\bin\server

VM Arguments:
jvm_args: -Dfile.encoding=UTF-8 -Dstdout.encoding=UTF-8 -Dstderr.encoding=UTF-8 -XX:+ShowCodeDetailsInExceptionMessages 
java_command: myFirstSelenium.azr
java_class_path (initial): C:\Users\dudia\eclipse-workspace\myFirstSelenium\bin;C:\Users\dudia\OneDrive\מסמכים\atumition\libs\selenium-java-4.15.0\selenium-api-4.15.0.jar;C:\Users\dudia\OneDrive\מסמכים\atumition\libs\selenium-java-4.15.0\selenium-api-4.15.0-sources.jar;C:\Users\dudia\OneDrive\מסמכים\atumition\libs\selenium-java-4.15.0\selenium-chrome-driver-4.15.0.jar;C:\Users\dudia\OneDrive\מסמכים\atumition\libs\selenium-java-4.15.0\selenium-chrome-driver-4.15.0-sources.jar;C:\Users\dudia\OneDrive\מסמכים\atumition\libs\selenium-java-4.15.0\selenium-chromium-driver-4.15.0.jar;C:\Users\dudia\OneDrive\מסמכים\atumition\libs\selenium-java-4.15.0\selenium-chromium-driver-4.15.0-sources.jar;C:\Users\dudia\OneDrive\מסמכים\atumition\libs\selenium-java-4.15.0\selenium-devtools-v85-4.15.0.jar;C:\Users\dudia\OneDrive\מסמכים\atumition\libs\selenium-java-4.15.0\selenium-devtools-v85-4.15.0-sources.jar;C:\Users\dudia\OneDrive\מסמכים\atumition\libs\selenium-java-4.15.0\selenium-devtools-v117-4.15.0.jar;C:\Users\dudia\OneDrive\מסמכים\atumition\libs\selenium-java-4.15.0\selenium-devtools-v117-4.15.0-sources.jar;C:\Users\dudia\OneDrive\מסמכים\atumition\libs\selenium-java-4.15.0\selenium-devtools-v118-4.15.0.jar;C:\Users\dudia\OneDrive\מסמכים\atumition\libs\selenium-java-4.15.0\selenium-devtools-v118-4.15.0-sources.jar;C:\Users\dudia\OneDrive\מסמכים\atumition\libs\selenium-java-4.15.0\selenium-devtools-v119-4.15.0.jar;C:\Users\dudia\OneDrive\מסמכים\atumition\libs\selenium-java-4.15.0\selenium-devtools-v119-4.15.0-sources.jar;C:\Users\dudia\OneDrive\מסמכים\atumition\libs\selenium-java-4.15.0\selenium-edge-driver-4.15.0.jar;C:\Users\dudia\OneDrive\מסמכים\atumition\libs\selenium-java-4.15.0\selenium-edge-driver-4.15.0-sources.jar;C:\Users\dudia\OneDrive\מסמכים\atumition\libs\selenium-java-4.15.0\selenium-firefox-driver-4.15.0.jar;C:\Users\dudia\OneDrive\מסמכים\atumition\libs\selenium-java-4.15.0\selenium-firefox-driver-4.15.0-sources.jar;C:\Users\dudia\OneDrive\מסמכים\atumition\libs\se
Launcher Type: SUN_STANDARD

[Global flags]
     intx CICompilerCount                          = 3                                         {product} {ergonomic}
     uint ConcGCThreads                            = 1                                         {product} {ergonomic}
     uint G1ConcRefinementThreads                  = 4                                         {product} {ergonomic}
   size_t G1HeapRegionSize                         = 1048576                                   {product} {ergonomic}
    uintx GCDrainStackTargetSize                   = 64                                        {product} {ergonomic}
   size_t InitialHeapSize                          = 132120576                                 {product} {ergonomic}
   size_t MarkStackSize                            = 4194304                                   {product} {ergonomic}
   size_t MaxHeapSize                              = 2097152000                                {product} {ergonomic}
   size_t MinHeapDeltaBytes                        = 1048576                                   {product} {ergonomic}
   size_t MinHeapSize                              = 8388608                                   {product} {ergonomic}
    uintx NonNMethodCodeHeapSize                   = 5832780                                {pd product} {ergonomic}
    uintx NonProfiledCodeHeapSize                  = 122912730                              {pd product} {ergonomic}
    uintx ProfiledCodeHeapSize                     = 122912730                              {pd product} {ergonomic}
    uintx ReservedCodeCacheSize                    = 251658240                              {pd product} {ergonomic}
     bool SegmentedCodeCache                       = true                                      {product} {ergonomic}
     bool ShowCodeDetailsInExceptionMessages       = true                                   {manageable} {command line}
   size_t SoftMaxHeapSize                          = 2097152000                             {manageable} {ergonomic}
     bool UseCompressedClassPointers               = true                           {product lp64_product} {ergonomic}
     bool UseCompressedOops                        = true                           {product lp64_product} {ergonomic}
     bool UseG1GC                                  = true                                      {product} {ergonomic}
     bool UseLargePagesIndividualAllocation        = false                                  {pd product} {ergonomic}

Logging:
Log output configuration:
 #0: stdout all=warning uptime,level,tags
 #1: stderr all=off uptime,level,tags

Environment Variables:
JAVA_HOME=C:\Users\dudia\AppData\Local\Programs\Eclipse Adoptium\jdk-17.0.6.10-hotspot\
PATH=C:/Users/dudia/AppData/Local/Programs/Eclipse Adoptium/jdk-17.0.6.10-hotspot/bin/server;C:/Users/dudia/AppData/Local/Programs/Eclipse Adoptium/jdk-17.0.6.10-hotspot/bin;C:\Program Files (x86)\Common Files\Oracle\Java\javapath;C:\Program Files (x86)\VMware\VMware Player\bin\;C:\WINDOWS\system32;C:\WINDOWS;C:\WINDOWS\System32\Wbem;C:\WINDOWS\System32\WindowsPowerShell\v1.0\;C:\WINDOWS\System32\OpenSSH\;C:\Users\dudia\AppData\Local\Programs\Eclipse Adoptium\jdk-17.0.6.10-hotspot\bin;C:\Users\dudia\AppData\Local\Microsoft\WindowsApps;C:\Program Files (x86)\Java;;C:\Users\dudia\AppData\Local\Programs\Microsoft VS Code\bin;C:\Users\dudia\OneDrive\שולחן העבודה;
USERNAME=dudia
OS=Windows_NT
PROCESSOR_IDENTIFIER=Intel64 Family 6 Model 126 Stepping 5, GenuineIntel
TMP=C:\Users\dudia\AppData\Local\Temp
TEMP=C:\Users\dudia\AppData\Local\Temp



---------------  S Y S T E M  ---------------

OS:
 Windows 11 , 64 bit Build 22621 (10.0.22621.2428)
OS uptime: 12 days 14:02 hours

CPU: total 4 (initial active 4) (2 cores per cpu, 2 threads per core) family 6 model 126 stepping 5 microcode 0xa0, cx8, cmov, fxsr, ht, mmx, 3dnowpref, sse, sse2, sse3, ssse3, sse4.1, sse4.2, popcnt, lzcnt, tsc, tscinvbit, avx, avx2, aes, erms, clmul, bmi1, bmi2, adx, avx512f, avx512dq, avx512cd, avx512bw, avx512vl, sha, fma, vzeroupper, avx512_vpopcntdq, avx512_vpclmulqdq, avx512_vaes, avx512_vnni, clflush, clflushopt, avx512_vbmi2, avx512_vbmi

Memory: 4k page, system-wide physical 7998M (591M free)
TotalPageFile size 32574M (AvailPageFile size 126M)
current process WorkingSet (physical memory assigned to process): 11M, peak: 11M
current process commit charge ("private bytes"): 52M, peak: 178M

vm_info: OpenJDK 64-Bit Server VM (17.0.6+10) for windows-amd64 JRE (17.0.6+10), built on Jan 18 2023 10:08:59 by "temurin" with MS VC++ 16.7 (VS2019)

END.
